Unity Player [version: Unity 5.1.0f3_ec70b008569d]

eZcape.exe caused an Access Violation (0xc0000005)
  in module eZcape.exe at 0023:0138eead.

Error occurred at 2015-06-22_171758.
C:\Users\Public\Documents\Unity Projects\2Dtest\eZcape.exe, run by canid.
78% memory in use.
3980 MB physical memory [837 MB free].
0 MB paging file [2560 MB free].
0 MB user address space [3812 MB free].
Read from location 00000030 caused an access violation.

Context:
EDI:    0x0783f640  ESI: 0x0783fcd0  EAX:   0x03c27a08
EBX:    0x042dc538  ECX: 0x00000000  EDX:   0x0138ee50
EIP:    0x0138eead  EBP: 0x0014fa74  SegCs: 0x00000023
EFlags: 0x00010202  ESP: 0x0014fa6c  SegSs: 0x0000002b

Bytes at CS:EIP:
80 79 30 00 74 16 57 56 e8 46 d4 00 00 83 c4 08 

Stack:
0x0014fa6c: 00000000 03c27a08 0014faa0 013aef03 .....z........:.
0x0014fa7c: 03c27a08 03c27a48 00000000 042dc538 .z..Hz......8.-.
0x0014fa8c: 00f81920 042dc538 0014faa8 0014fabc  ...8.-.........
0x0014fa9c: 00000000 0014fabc 013af549 03c27a48 ........I.:.Hz..
0x0014faac: 00000000 00000000 00000000 042c3360 ............`3,.
0x0014fabc: 0014fb3c 013af586 042dc538 013b0ea3 <.....:.8.-...;.
0x0014facc: 042c3360 03e124f0 03e124f0 042c33a4 `3,..$...$...3,.
0x0014fadc: 03e12a2c 042c33a4 042c33ac 042c33ac ,*...3,..3,..3,.
0x0014faec: 042c33c4 042c33ac 00000001 00000000 .3,..3,.........
0x0014fafc: 00000000 00000002 00000000 00000000 ................
0x0014fb0c: 0101418f 0c710040 0c710040 3b4cb377 .A..@.q.@.q.w.L;
0x0014fb1c: 3ae9f1ac 3b12370c 0014fb38 0014fb40 ...:.7.;8...@...
0x0014fb2c: 4b8af800 42802fb6 042c3360 042c33dc ...K./.B`3,..3,.
0x0014fb3c: 0014fb74 013b2bba 0014fb4c 03e122b0 t....+;.L...."..
0x0014fb4c: 3ca3d70a 42480000 3f800000 00000008 ...<..HB...?....
0x0014fb5c: 00000003 00000001 4b89f800 42802fb6 ...........K./.B
0x0014fb6c: 4b8a1800 42802fb6 0014fbec 0138a327 ...K./.B....'.8.
0x0014fb7c: 3ca3d70a 00000008 00000003 00000205 ...<............
0x0014fb8c: f6c96dd9 00000000 00000001 03783670 .m..........p6x.
0x0014fb9c: 0014fbcc 011a1b87 00000001 011a158b ................
0x0014fbac: 00000000 00000730 00000000 40019f1e ....0..........@
0x0014fbbc: 0014fbec 011a9327 00000007 00000000 ....'...........
0x0014fbcc: 037879d0 3ca3d70a 0014fbe4 3ca3d70a .yx....<.......<
0x0014fbdc: 03e2d9d0 03e122b0 00000000 03e2dc60 ....."......`...
0x0014fbec: 0014fcd4 011ddd8c 00000000 00000000 ................
0x0014fbfc: 752b5f74 00000000 00000000 00000000 t_+u............
0x0014fc0c: 00000000 0014fc70 011ab759 0014fc00 ....p...Y.......
0x0014fc1c: 03e2e700 00000000 03e2e700 00520022 ............".R.
0x0014fc2c: ffffff00 00000032 0014fc74 00000000 ....2...t.......
0x0014fc3c: 00000000 00000000 00000000 00000000 ................
0x0014fc4c: 00000000 00000000 03e2e700 00000000 ................
0x0014fc5c: 03e2e700 00000000 00000000 00000020 ............ ...
0x0014fc6c: 00000000 0014fcb0 0014fcb0 011a1b87 ................
0x0014fc7c: 00000001 010369d3 752b5f74 00000000 .....i..t_+u....
0x0014fc8c: 03e2e700 00000000 80000000 00000000 ................
0x0014fc9c: 00000000 00000000 00000000 03e11c30 ............0...
0x0014fcac: 03e2e700 0014fcd0 0103b642 00000000 ........B.......
0x0014fcbc: 00000000 752b5f74 00000000 00000001 ....t_+u........
0x0014fccc: 043692c0 0114fce0 0014fd10 01281a51 ..6.........Q.(.
0x0014fcdc: 00000000 00000001 00000000 00000010 ................
0x0014fcec: 00000000 00520022 00000101 00000025 ....".R.....%...
0x0014fcfc: c14b0001 3b2b59d9 00000021 000000d1 ..K..Y+;!.......
0x0014fd0c: 00000578 0014fe44 01283775 00000000 x...D...u7(.....
0x0014fd1c: 00000000 fffde000 03773b20 000001ff ........ ;w.....
0x0014fd2c: 00000000 1c03c163 00000044 0000004f ....c...D...O...
0x0014fd3c: 00000006 03773ad0 00f82f58 01d74b18 .....:w.X/...K..
0x0014fd4c: 7fffffff 00000049 0000004f 00f82f58 ....I...O...X/..
0x0014fd5c: 01d74b18 0000000f 0000000f 7fffffff .K..............
0x0014fd6c: 00000000 01e318a0 00f82088 0000000f ......... ......
0x0014fd7c: 0014fd00 0014fdb0 0162c116 00f82f58 ..........b.X/..
0x0014fd8c: 01d74b18 0000000f 03773d00 7fffffff .K.......=w.....
0x0014fd9c: 00000000 01e318a0 0000004a 0000004f ........J...O...
0x0014fdac: 0014fd00 0376b990 0161b36c 00f82f58 ......v.l.a.X/..
0x0014fdbc: 01d74b18 0000003b 0000003f 756e6547 .K..;...?...Genu
0x0014fdcc: 616e614d 00646567 00000000 00000004 Managed.........
0x0014fddc: 00000007 0000000f 0014fdf0 00e61230 ............0...
0x0014fdec: 0376b950 0376b988 0376b988 0014fe28 P.v...v...v.(...
0x0014fdfc: 72637300 696e6565 6c640064 0161006c .screenid.dll.a.
0x0014fe0c: 00000000 0000000f 0014fe34 00000000 ........4.......
0x0014fe1c: 0014fe34 0160b937 004259bb 00000000 4...7.`..YB.....
0x0014fe2c: 0000000f 00000000 00000000 00e61230 ............0...
0x0014fe3c: 00000000 00e61270 0014fe5c 015d53e8 ....p...\....S].
0x0014fe4c: 01010000 00000000 004259bd 00000001 .........YB.....
0x0014fe5c: 0014feec 0161105a 01010000 00000000 ....Z.a.........
0x0014fe6c: 004259bd 00000001 c7467ac6 00000000 .YB......zF.....
0x0014fe7c: 00000000 fffde000 00000044 004236de ........D....6B.
0x0014fe8c: 004236be 00423648 00000000 00000000 .6B.H6B.........
0x0014fe9c: 00000000 00000000 00000000 00000000 ................
0x0014feac: 00000000 00000001 00000001 00000000 ................
0x0014febc: 00000000 0014fee8 016222f4 c0000005 ........."b.....
0x0014fecc: 00000000 00000000 0014fe74 0014f630 ........t...0...
0x0014fedc: 0014ff28 01612e20 c68fb372 00000000 (... .a.r.......
0x0014feec: 0014fef8 768b337a fffde000 0014ff38 ....z3.v....8...
0x0014fefc: 773692e2 fffde000 4c7cebff 00000000 ..6w......|L....
0x0014ff0c: 00000000 fffde000 c0000005 768d76f7 .............v.v
0x0014ff1c: 768d76f7 0014ff04 0014f634 ffffffff .v.v....4.......
0x0014ff2c: 773a1a05 3b5dd157 00000000 0014ff50 ..:wW.];....P...
0x0014ff3c: 773692b5 016110ad fffde000 00000000 ..6w..a.........
0x0014ff4c: 00000000 00000000 00000000 016110ad ..............a.
0x0014ff5c: fffde000 00000000 00000000 00000000 ................
0x0014ff6c: 00000000 00000000 00000000 00000000 ................
0x0014ff7c: 00000000 00000000 00000000 00000000 ................
0x0014ff8c: 00000000 00000000 00000000 00000000 ................
0x0014ff9c: 00000000 00000000 00000000 00000000 ................
0x0014ffac: 00000000 00000000 00000000 00000000 ................
0x0014ffbc: 00000000 00000000 00000000 00000000 ................
0x0014ffcc: 00000000 00000000 00000000 00000000 ................
0x0014ffdc: 00000000 00000000 00000000 00000000 ................
0x0014ffec: 00000000 00000000 00000000 00000000 ................
0x0014fffc: 00000000                            ....

Module 1
C:\Users\Public\Documents\Unity Projects\2Dtest\eZcape.exe
Image Base: 0x01010000  Image Size: 0x0101b000
File Size:  16100128    File Time:  2015-06-22_171748
Version:
   Company:    
   Product:    
   FileDesc:   
   FileVer:    5.1.0.28848
   ProdVer:    5.1.0.28848

Module 2
C:\Windows\system32\wdmaud.drv
Image Base: 0x71270000  Image Size: 0x00030000
File Size:  172032      File Time:  2010-11-20_051652
Version:
   Company:    Microsoft Corporation
   Product:    Microsoft® Windows® Operating System
   FileDesc:   Winmm  audio system driver
   FileVer:    6.1.7601.17514
   ProdVer:    6.1.7601.17514

Module 3
C:\Windows\system32\MMDevAPI.DLL
Image Base: 0x715c0000  Image Size: 0x00039000
File Size:  213504      File Time:  2010-11-20_051940
Version:
   Company:    Microsoft Corporation
   Product:    Microsoft® Windows® Operating System
   FileDesc:   MMDevice API
   FileVer:    6.1.7601.17514
   ProdVer:    6.1.7601.17514

Module 4
C:\Windows\system32\AUDIOSES.DLL
Image Base: 0x713b0000  Image Size: 0x00036000
File Size:  195584      File Time:  2015-03-12_004644
Version:
   Company:    Microsoft Corporation
   Product:    Microsoft® Windows® Operating System
   FileDesc:   Audio Session
   FileVer:    6.1.7601.18741
   ProdVer:    6.1.7601.18741

Module 5
C:\Windows\system32\xinput1_3.dll
Image Base: 0x00400000  Image Size: 0x00016000
File Size:  81768       File Time:  2007-04-04_195342
Version:
   Company:    Microsoft Corporation
   Product:    Microsoft® DirectX for Windows®
   FileDesc:   Microsoft Common Controller API
   FileVer:    9.18.944.0
   ProdVer:    9.18.944.0

Module 6
C:\Windows\system32\PROPSYS.dll
Image Base: 0x713f0000  Image Size: 0x000f5000
File Size:  988160      File Time:  2010-11-20_052058
Version:
   Company:    Microsoft Corporation
   Product:    Windows® Search
   FileDesc:   Microsoft Property System
   FileVer:    7.0.7601.17514
   ProdVer:    7.0.7601.17514

Module 7
C:\Users\Public\Documents\Unity Projects\2Dtest\eZcape_Data\Mono\mono.dll
Image Base: 0x10000000  Image Size: 0x0022f000
File Size:  2110240     File Time:  2015-06-01_092304
Version:
   Company:    Unity Technologies
   Product:    libmono
   FileDesc:   Unity Technologies fork of mono runtime
   FileVer:    1.0.0.1
   ProdVer:    1.0.0.1

Module 8
C:\Windows\system32\dsound.dll
Image Base: 0x5e760000  Image Size: 0x00072000
File Size:  453632      File Time:  2009-07-13_181514
Version:
   Company:    Microsoft Corporation
   Product:    Microsoft® Windows® Operating System
   FileDesc:   DirectSound
   FileVer:    6.1.7600.16385
   ProdVer:    6.1.7600.16385

Module 9
C:\Windows\system32\dbghelp.dll
Image Base: 0x6c570000  Image Size: 0x000eb000
File Size:  854016      File Time:  2010-11-20_051828
Version:
   Company:    Microsoft Corporation
   Product:    Microsoft® Windows® Operating System
   FileDesc:   Windows Image Helper
   FileVer:    6.1.7601.17514
   ProdVer:    6.1.7601.17514

Module 10
C:\Windows\system32\igd10umd32.dll
Image Base: 0x6cbe0000  Image Size: 0x00ab3000
File Size:  11171840    File Time:  2012-10-22_184002
Version:
   Company:    Intel Corporation
   Product:    Intel Graphics Accelerator Drivers for Windows 8(R)
   FileDesc:   LDDM User Mode Driver for Intel(R) Graphics Technology
   FileVer:    9.17.10.2875
   ProdVer:    9.17.10.2875

Module 11
C:\Windows\system32\dxgi.dll
Image Base: 0x6f680000  Image Size: 0x0004c000
File Size:  293376      File Time:  2013-01-13_132032
Version:
   Company:    Microsoft Corporation
   Product:    Microsoft® Windows® Operating System
   FileDesc:   DirectX Graphics Infrastructure
   FileVer:    6.2.9200.16492
   ProdVer:    6.2.9200.16492

Module 12
C:\Windows\system32\d3d11.dll
Image Base: 0x705d0000  Image Size: 0x00175000
File Size:  1505280     File Time:  2013-04-25_163034
Version:
   Company:    Microsoft Corporation
   Product:    Microsoft® Windows® Operating System
   FileDesc:   Direct3D 11 Runtime
   FileVer:    6.2.9200.16570
   ProdVer:    6.2.9200.16570

Module 13
C:\Windows\system32\HID.DLL
Image Base: 0x70af0000  Image Size: 0x00009000
File Size:  22016       File Time:  2009-07-13_181526
Version:
   Company:    Microsoft Corporation
   Product:    Microsoft® Windows® Operating System
   FileDesc:   Hid User Library
   FileVer:    6.1.7600.16385
   ProdVer:    6.1.7600.16385

Module 14
C:\Windows\system32\dwmapi.dll
Image Base: 0x71660000  Image Size: 0x00013000
File Size:  67072       File Time:  2009-07-13_181514
Version:
   Company:    Microsoft Corporation
   Product:    Microsoft® Windows® Operating System
   FileDesc:   Microsoft Desktop Window Manager API
   FileVer:    6.1.7600.16385
   ProdVer:    6.1.7600.16385

Module 15
C:\Windows\system32\MSACM32.dll
Image Base: 0x716a0000  Image Size: 0x00014000
File Size:  72192       File Time:  2009-07-13_181544
Version:
   Company:    Microsoft Corporation
   Product:    Microsoft® Windows® Operating System
   FileDesc:   Microsoft ACM Audio Filter
   FileVer:    6.1.7600.16385
   ProdVer:    6.1.7600.16385

Module 16
C:\Windows\system32\DNSAPI.dll
Image Base: 0x728e0000  Image Size: 0x00044000
File Size:  270336      File Time:  2012-03-06_025826
Version:
   Company:    Microsoft Corporation
   Product:    Microsoft® Windows® Operating System
   FileDesc:   DNS Client API DLL
   FileVer:    6.1.7601.17570
   ProdVer:    6.1.7601.17570

Module 17
C:\Windows\system32\WINNSI.DLL
Image Base: 0x72930000  Image Size: 0x00007000
File Size:  16896       File Time:  2009-07-13_181620
Version:
   Company:    Microsoft Corporation
   Product:    Microsoft® Windows® Operating System
   FileDesc:   Network Store Information RPC interface
   FileVer:    6.1.7600.16385
   ProdVer:    6.1.7600.16385

Module 18
C:\Windows\system32\IPHLPAPI.DLL
Image Base: 0x72940000  Image Size: 0x0001c000
File Size:  103936      File Time:  2010-11-20_051924
Version:
   Company:    Microsoft Corporation
   Product:    Microsoft® Windows® Operating System
   FileDesc:   IP Helper API
   FileVer:    6.1.7601.17514
   ProdVer:    6.1.7601.17514

Module 19
C:\Windows\system32\MSWSOCK.dll
Image Base: 0x72970000  Image Size: 0x0003c000
File Size:  231424      File Time:  2013-09-07_190400
Version:
   Company:    Microsoft Corporation
   Product:    Microsoft® Windows® Operating System
   FileDesc:   Microsoft Windows Sockets 2.0 Service Provider
   FileVer:    6.1.7601.18254
   ProdVer:    6.1.7601.18254

Module 20
C:\Windows\system32\WINMM.dll
Image Base: 0x729d0000  Image Size: 0x00032000
File Size:  194048      File Time:  2010-11-20_052138
Version:
   Company:    Microsoft Corporation
   Product:    Microsoft® Windows® Operating System
   FileDesc:   MCI API DLL
   FileVer:    6.1.7601.17514
   ProdVer:    6.1.7601.17514

Module 21
C:\Windows\system32\webio.dll
Image Base: 0x72ff0000  Image Size: 0x0004f000
File Size:  314880      File Time:  2012-03-06_032434
Version:
   Company:    Microsoft Corporation
   Product:    Microsoft® Windows® Operating System
   FileDesc:   Web Transfer Protocols API
   FileVer:    6.1.7601.17725
   ProdVer:    6.1.7601.17725

Module 22
C:\Windows\system32\WINHTTP.dll
Image Base: 0x73040000  Image Size: 0x00058000
File Size:  351232      File Time:  2010-11-20_052138
Version:
   Company:    Microsoft Corporation
   Product:    Microsoft® Windows® Operating System
   FileDesc:   Windows HTTP Services
   FileVer:    6.1.7601.17514
   ProdVer:    6.1.7601.17514

Module 23
C:\Windows\system32\POWRPROF.dll
Image Base: 0x73140000  Image Size: 0x00025000
File Size:  145408      File Time:  2009-07-13_181614
Version:
   Company:    Microsoft Corporation
   Product:    Microsoft® Windows® Operating System
   FileDesc:   Power Profile Helper DLL
   FileVer:    6.1.7600.16385
   ProdVer:    6.1.7600.16385

Module 24
C:\Windows\system32\midimap.dll
Image Base: 0x73290000  Image Size: 0x00007000
File Size:  16896       File Time:  2009-07-13_181542
Version:
   Company:    Microsoft Corporation
   Product:    Microsoft® Windows® Operating System
   FileDesc:   Microsoft MIDI Mapper
   FileVer:    6.1.7600.16385
   ProdVer:    6.1.7600.16385

Module 25
C:\Windows\system32\msacm32.drv
Image Base: 0x734a0000  Image Size: 0x00008000
File Size:  20992       File Time:  2009-07-13_181410
Version:
   Company:    Microsoft Corporation
   Product:    Microsoft® Windows® Operating System
   FileDesc:   Microsoft Sound Mapper
   FileVer:    6.1.7600.16385
   ProdVer:    6.1.7600.16385

Module 26
C:\Windows\system32\DDRAW.dll
Image Base: 0x73b50000  Image Size: 0x000e7000
File Size:  531968      File Time:  2009-07-13_181512
Version:
   Company:    Microsoft Corporation
   Product:    Microsoft® Windows® Operating System
   FileDesc:   Microsoft DirectDraw
   FileVer:    6.1.7600.16385
   ProdVer:    6.1.7600.16385

Module 27
C:\Windows\system32\ksuser.dll
Image Base: 0x73e40000  Image Size: 0x00004000
File Size:  4608        File Time:  2009-07-13_181536
Version:
   Company:    Microsoft Corporation
   Product:    Microsoft® Windows® Operating System
   FileDesc:   User CSA Library
   FileVer:    6.1.7600.16385
   ProdVer:    6.1.7600.16385

Module 28
C:\Windows\system32\DCIMAN32.dll
Image Base: 0x73e50000  Image Size: 0x00006000
File Size:  10240       File Time:  2015-03-12_004834
Version:
   Company:    Microsoft Corporation
   Product:    Microsoft® Windows® Operating System
   FileDesc:   DCI Manager
   FileVer:    6.1.7601.18768
   ProdVer:    6.1.7601.18768

Module 29
C:\Windows\system32\GLU32.dll
Image Base: 0x73fb0000  Image Size: 0x00022000
File Size:  130048      File Time:  2009-07-13_181524
Version:
   Company:    Microsoft Corporation
   Product:    Microsoft® Windows® Operating System
   FileDesc:   OpenGL Utility Library DLL
   FileVer:    6.1.7600.16385
   ProdVer:    6.1.7600.16385

Module 30
C:\Windows\system32\OPENGL32.dll
Image Base: 0x73fe0000  Image Size: 0x000c8000
File Size:  791552      File Time:  2009-07-13_181614
Version:
   Company:    Microsoft Corporation
   Product:    Microsoft® Windows® Operating System
   FileDesc:   OpenGL Client DLL
   FileVer:    6.1.7600.16385
   ProdVer:    6.1.7600.16385

Module 31
C:\Windows\system32\AVRT.dll
Image Base: 0x74740000  Image Size: 0x00007000
File Size:  14336       File Time:  2009-07-13_181500
Version:
   Company:    Microsoft Corporation
   Product:    Microsoft® Windows® Operating System
   FileDesc:   Multimedia Realtime Runtime
   FileVer:    6.1.7600.16385
   ProdVer:    6.1.7600.16385

Module 32
C:\Windows\system32\fltlib.dll
Image Base: 0x749b0000  Image Size: 0x00007000
File Size:  14848       File Time:  2009-07-13_181522
Version:
   Company:    Microsoft Corporation
   Product:    Microsoft® Windows® Operating System
   FileDesc:   Filter Library
   FileVer:    6.1.7600.16385
   ProdVer:    6.1.7600.16385

Module 33
C:\Windows\SysWOW64\guard32.dll
Image Base: 0x749c0000  Image Size: 0x00073000
File Size:  444448      File Time:  2015-06-05_063420
Version:
   Company:    COMODO
   Product:    COMODO Internet Security
   FileDesc:   COMODO Internet Security
   FileVer:    8.2.0.4591
   ProdVer:    8.2.0.4591

Module 34
C:\Windows\system32\VERSION.dll
Image Base: 0x74a40000  Image Size: 0x00009000
File Size:  21504       File Time:  2009-07-13_181618
Version:
   Company:    Microsoft Corporation
   Product:    Microsoft® Windows® Operating System
   FileDesc:   Version Checking and File Installation Libraries
   FileVer:    6.1.7600.16385
   ProdVer:    6.1.7600.16385

Module 35
C:\Windows\syswow64\CRYPTBASE.dll
Image Base: 0x74c90000  Image Size: 0x0000c000
File Size:  36864       File Time:  2009-07-13_181508
Version:
   Company:    Microsoft Corporation
   Product:    Microsoft® Windows® Operating System
   FileDesc:   Base cryptographic API DLL
   FileVer:    6.1.7600.16385
   ProdVer:    6.1.7600.16385

Module 36
C:\Windows\syswow64\SspiCli.dll
Image Base: 0x74ca0000  Image Size: 0x00060000
File Size:  96768       File Time:  2015-05-25_105954
Version:
   Company:    Microsoft Corporation
   Product:    Microsoft® Windows® Operating System
   FileDesc:   Security Support Provider Interface
   FileVer:    6.1.7601.18869
   ProdVer:    6.1.7601.18869

Module 37
C:\Windows\syswow64\DEVOBJ.dll
Image Base: 0x74ea0000  Image Size: 0x00012000
File Size:  64512       File Time:  2012-03-06_030924
Version:
   Company:    Microsoft Corporation
   Product:    Microsoft® Windows® Operating System
   FileDesc:   Device Information Set DLL
   FileVer:    6.1.7601.17621
   ProdVer:    6.1.7601.17621

Module 38
C:\Windows\syswow64\ole32.dll
Image Base: 0x74ec0000  Image Size: 0x0015c000
File Size:  1414144     File Time:  2010-11-20_052050
Version:
   Company:    Microsoft Corporation
   Product:    Microsoft® Windows® Operating System
   FileDesc:   Microsoft OLE for Windows
   FileVer:    6.1.7601.17514
   ProdVer:    6.1.7601.17514

Module 39
C:\Windows\SysWOW64\sechost.dll
Image Base: 0x75030000  Image Size: 0x00019000
File Size:  92160       File Time:  2015-05-25_110140
Version:
   Company:    Microsoft Corporation
   Product:    Microsoft® Windows® Operating System
   FileDesc:   Host for SCM/SDDL/LSA Lookup APIs
   FileVer:    6.1.7601.18869
   ProdVer:    6.1.7601.18869

Module 40
C:\Windows\syswow64\USER32.dll
Image Base: 0x75290000  Image Size: 0x00100000
File Size:  833024      File Time:  2010-11-20_050858
Version:
   Company:    Microsoft Corporation
   Product:    Microsoft® Windows® Operating System
   FileDesc:   Multi-User Windows USER API Client DLL
   FileVer:    6.1.7601.17514
   ProdVer:    6.1.7601.17514

Module 41
C:\Windows\syswow64\msvcrt.dll
Image Base: 0x753a0000  Image Size: 0x000ac000
File Size:  690688      File Time:  2011-12-16_005300
Version:
   Company:    Microsoft Corporation
   Product:    Microsoft® Windows® Operating System
   FileDesc:   Windows NT CRT DLL
   FileVer:    7.0.7601.17744
   ProdVer:    6.1.8638.17744

Module 42
C:\Windows\syswow64\IMM32.dll
Image Base: 0x75450000  Image Size: 0x00060000
File Size:  119808      File Time:  2010-11-20_050852
Version:
   Company:    Microsoft Corporation
   Product:    Microsoft® Windows® Operating System
   FileDesc:   Multi-User Windows IMM32 API Client DLL
   FileVer:    6.1.7601.17514
   ProdVer:    6.1.7601.17514

Module 43
C:\Windows\syswow64\CFGMGR32.dll
Image Base: 0x754b0000  Image Size: 0x00027000
File Size:  145920      File Time:  2012-03-06_030924
Version:
   Company:    Microsoft Corporation
   Product:    Microsoft® Windows® Operating System
   FileDesc:   Configuration Manager DLL
   FileVer:    6.1.7601.17621
   ProdVer:    6.1.7601.17621

Module 44
C:\Windows\syswow64\SHELL32.dll
Image Base: 0x754f0000  Image Size: 0x00c4b000
File Size:  12875264    File Time:  2015-03-12_004450
Version:
   Company:    Microsoft Corporation
   Product:    Microsoft® Windows® Operating System
   FileDesc:   Windows Shell Common Dll
   FileVer:    6.1.7601.18762
   ProdVer:    6.1.7601.18762

Module 45
C:\Windows\syswow64\CRYPT32.dll
Image Base: 0x76140000  Image Size: 0x00121000
File Size:  1174528     File Time:  2015-03-12_004738
Version:
   Company:    Microsoft Corporation
   Product:    Microsoft® Windows® Operating System
   FileDesc:   Crypto API32
   FileVer:    6.1.7601.18741
   ProdVer:    6.1.7601.18741

Module 46
C:\Windows\syswow64\PSAPI.DLL
Image Base: 0x76270000  Image Size: 0x00005000
File Size:  6144        File Time:  2009-07-13_181614
Version:
   Company:    Microsoft Corporation
   Product:    Microsoft® Windows® Operating System
   FileDesc:   Process Status Helper
   FileVer:    6.1.7600.16385
   ProdVer:    6.1.7600.16385

Module 47
C:\Windows\syswow64\USP10.dll
Image Base: 0x76280000  Image Size: 0x0009d000
File Size:  626688      File Time:  2014-04-24_190618
Version:
   Company:    Microsoft Corporation
   Product:    Microsoft(R) Uniscribe Unicode script processor
   FileDesc:   Uniscribe Unicode script processor
   FileVer:    1.626.7601.18454
   ProdVer:    1.626.7601.18454

Module 48
C:\Windows\syswow64\KERNELBASE.dll
Image Base: 0x76330000  Image Size: 0x00047000
File Size:  274944      File Time:  2015-05-25_105952
Version:
   Company:    Microsoft Corporation
   Product:    Microsoft® Windows® Operating System
   FileDesc:   Windows NT BASE API Client DLL
   FileVer:    6.1.7601.18869
   ProdVer:    6.1.7601.18869

Module 49
C:\Windows\syswow64\WINTRUST.dll
Image Base: 0x76380000  Image Size: 0x0002f000
File Size:  179200      File Time:  2015-03-12_004708
Version:
   Company:    Microsoft Corporation
   Product:    Microsoft® Windows® Operating System
   FileDesc:   Microsoft Trust Verification APIs
   FileVer:    6.1.7601.18741
   ProdVer:    6.1.7601.18741

Module 50
C:\Windows\syswow64\SHLWAPI.dll
Image Base: 0x763b0000  Image Size: 0x00057000
File Size:  350208      File Time:  2010-11-20_052120
Version:
   Company:    Microsoft Corporation
   Product:    Microsoft® Windows® Operating System
   FileDesc:   Shell Light-weight Utility Library
   FileVer:    6.1.7601.17514
   ProdVer:    6.1.7601.17514

Module 51
C:\Windows\syswow64\ADVAPI32.dll
Image Base: 0x76470000  Image Size: 0x000a1000
File Size:  641536      File Time:  2015-05-25_110118
Version:
   Company:    Microsoft Corporation
   Product:    Microsoft® Windows® Operating System
   FileDesc:   Advanced Windows 32 Base API
   FileVer:    6.1.7601.18869
   ProdVer:    6.1.7601.18869

Module 52
C:\Windows\syswow64\GDI32.dll
Image Base: 0x765a0000  Image Size: 0x00090000
File Size:  311808      File Time:  2015-04-14_121534
Version:
   Company:    Microsoft Corporation
   Product:    Microsoft® Windows® Operating System
   FileDesc:   GDI Client DLL
   FileVer:    6.1.7601.18778
   ProdVer:    6.1.7601.18778

Module 53
C:\Windows\syswow64\MSCTF.dll
Image Base: 0x76650000  Image Size: 0x000cc000
File Size:  828928      File Time:  2015-03-12_004354
Version:
   Company:    Microsoft Corporation
   Product:    Microsoft® Windows® Operating System
   FileDesc:   MSCTF Server DLL
   FileVer:    6.1.7601.18731
   ProdVer:    6.1.7601.18731

Module 54
C:\Windows\syswow64\RPCRT4.dll
Image Base: 0x767b0000  Image Size: 0x000f0000
File Size:  664064      File Time:  2014-07-13_184100
Version:
   Company:    Microsoft Corporation
   Product:    Microsoft® Windows® Operating System
   FileDesc:   Remote Procedure Call Runtime
   FileVer:    6.1.7601.18532
   ProdVer:    6.1.7601.18532

Module 55
C:\Windows\syswow64\kernel32.dll
Image Base: 0x768a0000  Image Size: 0x00110000
File Size:  1114112     File Time:  2015-05-25_105952
Version:
   Company:    Microsoft Corporation
   Product:    Microsoft® Windows® Operating System
   FileDesc:   Windows NT BASE API Client DLL
   FileVer:    6.1.7601.18869
   ProdVer:    6.1.7601.18869

Module 56
C:\Windows\syswow64\LPK.dll
Image Base: 0x769b0000  Image Size: 0x0000a000
File Size:  25600       File Time:  2015-03-12_004832
Version:
   Company:    Microsoft Corporation
   Product:    Microsoft® Windows® Operating System
   FileDesc:   Language Pack
   FileVer:    6.1.7601.18768
   ProdVer:    6.1.7601.18768

Module 57
C:\Windows\syswow64\CLBCatQ.DLL
Image Base: 0x769e0000  Image Size: 0x00083000
File Size:  522240      File Time:  2009-07-13_181504
Version:
   Company:    Microsoft Corporation
   Product:    Microsoft® Windows® Operating System
   FileDesc:   COM+ Configuration Catalog
   FileVer:    2001.12.8530.16385
   ProdVer:    6.1.7600.16385

Module 58
C:\Windows\syswow64\MSASN1.dll
Image Base: 0x76aa0000  Image Size: 0x0000c000
File Size:  34304       File Time:  2010-11-20_051946
Version:
   Company:    Microsoft Corporation
   Product:    Microsoft® Windows® Operating System
   FileDesc:   ASN.1 Runtime APIs
   FileVer:    6.1.7601.17514
   ProdVer:    6.1.7601.17514

Module 59
C:\Windows\syswow64\NSI.dll
Image Base: 0x76ab0000  Image Size: 0x00006000
File Size:  8704        File Time:  2009-07-13_181612
Version:
   Company:    Microsoft Corporation
   Product:    Microsoft® Windows® Operating System
   FileDesc:   NSI User-mode interface DLL
   FileVer:    6.1.7600.16385
   ProdVer:    6.1.7600.16385

Module 60
C:\Windows\syswow64\WS2_32.dll
Image Base: 0x76cc0000  Image Size: 0x00035000
File Size:  206848      File Time:  2010-11-20_052140
Version:
   Company:    Microsoft Corporation
   Product:    Microsoft® Windows® Operating System
   FileDesc:   Windows Socket 2.0 32-Bit DLL
   FileVer:    6.1.7601.17514
   ProdVer:    6.1.7601.17514

Module 61
C:\Windows\syswow64\OLEAUT32.dll
Image Base: 0x76d00000  Image Size: 0x0008f000
File Size:  571904      File Time:  2015-02-10_184204
Version:
   Company:    Microsoft Corporation
   Product:    
   FileDesc:   
   FileVer:    6.1.7601.18679
   ProdVer:    6.1.7601.18679

Module 62
C:\Windows\syswow64\SETUPAPI.dll
Image Base: 0x76d90000  Image Size: 0x0019d000
File Size:  1667584     File Time:  2010-11-20_052116
Version:
   Company:    Microsoft Corporation
   Product:    Microsoft® Windows® Operating System
   FileDesc:   Windows Setup API
   FileVer:    6.1.7601.17514
   ProdVer:    6.1.7601.17514

Module 63
C:\Windows\SysWOW64\ntdll.dll
Image Base: 0x77330000  Image Size: 0x00180000
File Size:  1310744     File Time:  2015-05-25_110410
Version:
   Company:    Microsoft Corporation
   Product:    Microsoft® Windows® Operating System
   FileDesc:   NT Layer DLL
   FileVer:    6.1.7601.18869
   ProdVer:    6.1.7601.18869


== [end of error.log] ==
